info: Demo project at: 5050! {"timestamp":"2024-02-01T12:15:07.110Z"}
error: Example or error log {"timestamp":"2024-02-01T12:15:07.114Z"}
info: Demo project at: 5050! {"timestamp":"2024-02-01T12:56:43.728Z"}
error: Example or error log {"timestamp":"2024-02-01T12:56:43.734Z"}
info: Demo project at: 5050! {"timestamp":"2024-02-01T13:13:12.424Z"}
error: Example or error log {"timestamp":"2024-02-01T13:13:12.428Z"}
info: Demo project at: 5050! {"timestamp":"2024-02-01T13:34:59.497Z"}
error: Example or error log {"timestamp":"2024-02-01T13:34:59.501Z"}
info: Demo project at: 5050! {"timestamp":"2024-02-01T13:39:56.761Z"}
error: Example or error log {"timestamp":"2024-02-01T13:39:56.764Z"}
info: Demo project at: 5050! {"timestamp":"2024-02-01T14:08:40.068Z"}
error: Example or error log {"timestamp":"2024-02-01T14:08:40.078Z"}
info: Demo project at: 5050! {"timestamp":"2024-02-01T14:08:57.740Z"}
error: Example or error log {"timestamp":"2024-02-01T14:08:57.746Z"}
info: Demo project at: 5050! {"timestamp":"2024-02-01T14:10:55.903Z"}
error: Example or error log {"timestamp":"2024-02-01T14:10:55.907Z"}
info: Demo project at: 5050! {"timestamp":"2024-02-02T03:43:51.865Z"}
error: Example or error log {"timestamp":"2024-02-02T03:43:51.868Z"}
<<<<<<< HEAD
info: Demo project at: 5050! {"timestamp":"2024-02-06T10:14:29.978Z"}
error: Example or error log {"timestamp":"2024-02-06T10:14:29.980Z"}
info: Demo project at: 5050! {"timestamp":"2024-02-06T10:14:52.196Z"}
error: Example or error log {"timestamp":"2024-02-06T10:14:52.198Z"}
info: Demo project at: 5050! {"timestamp":"2024-02-06T10:17:58.914Z"}
error: Example or error log {"timestamp":"2024-02-06T10:17:58.916Z"}
=======
info: Demo project at: 5050! {"timestamp":"2024-02-06T07:53:43.298Z"}
error: Example or error log {"timestamp":"2024-02-06T07:53:43.300Z"}
>>>>>>> eea477f8977e7f0dc054e201e10a51059243c06c
